<?xml version="1.0" encoding="UTF-8"?>
<robot rpa="false" generated="20200606 16:20:17.997" generator="Robot 3.1.1 (Python 2.7.15 on darwin)">
<suite source="/Users/satria/FinaceelTest/Assignment1/test.robot" id="s1" name="Test">
<test id="s1-t1" name="Login and Create Repo on Github">
<kw name="Go to Github Login Page" library="Keyword">
<arguments>
<arg>${URL}</arg>
</arguments>
<kw name="Open Browser" library="SeleniumLibrary">
<doc>Opens a new browser instance to the given ``url``.</doc>
<arguments>
<arg>${URL}</arg>
<arg>Chrome</arg>
</arguments>
<msg timestamp="20200606 16:20:19.030" level="INFO">Opening browser 'Chrome' to base url 'https://github.com/login'.</msg>
<status status="PASS" endtime="20200606 16:20:24.880" starttime="20200606 16:20:19.029"></status>
</kw>
<status status="PASS" endtime="20200606 16:20:24.880" starttime="20200606 16:20:19.029"></status>
</kw>
<kw name="Input Username" library="Keyword">
<arguments>
<arg>${USERNAME}</arg>
</arguments>
<kw name="Wait Until Element Is Visible" library="SeleniumLibrary">
<doc>Waits until element ``locator`` is visible.</doc>
<arguments>
<arg>login_field</arg>
<arg>${SHORT_TIMEOUT}</arg>
</arguments>
<status status="PASS" endtime="20200606 16:20:24.912" starttime="20200606 16:20:24.881"></status>
</kw>
<kw name="Input Text" library="SeleniumLibrary">
<doc>Types the given ``text`` into text field identified by ``locator``.</doc>
<arguments>
<arg>login_field</arg>
<arg>${USERNAME}</arg>
</arguments>
<msg timestamp="20200606 16:20:24.913" level="INFO">Typing text 'satriaeksat@gmail.com' into text field 'login_field'.</msg>
<status status="PASS" endtime="20200606 16:20:25.041" starttime="20200606 16:20:24.912"></status>
</kw>
<status status="PASS" endtime="20200606 16:20:25.041" starttime="20200606 16:20:24.881"></status>
</kw>
<kw name="Input Password" library="Keyword">
<arguments>
<arg>${PASSWORD}</arg>
</arguments>
<kw name="Wait Until Element Is Visible" library="SeleniumLibrary">
<doc>Waits until element ``locator`` is visible.</doc>
<arguments>
<arg>password</arg>
<arg>${SHORT_TIMEOUT}</arg>
</arguments>
<status status="PASS" endtime="20200606 16:20:25.064" starttime="20200606 16:20:25.041"></status>
</kw>
<kw name="Input Text" library="SeleniumLibrary">
<doc>Types the given ``text`` into text field identified by ``locator``.</doc>
<arguments>
<arg>password</arg>
<arg>${PASSWORD}</arg>
</arguments>
<msg timestamp="20200606 16:20:25.064" level="INFO">Typing text 'Satexsat1993' into text field 'password'.</msg>
<status status="PASS" endtime="20200606 16:20:25.147" starttime="20200606 16:20:25.064"></status>
</kw>
<status status="PASS" endtime="20200606 16:20:25.147" starttime="20200606 16:20:25.041"></status>
</kw>
<kw name="Click Sign In Button" library="Keyword">
<kw name="Click Element" library="SeleniumLibrary">
<doc>Click element identified by ``locator``.</doc>
<arguments>
<arg>commit</arg>
</arguments>
<msg timestamp="20200606 16:20:25.148" level="INFO">Clicking element 'commit'.</msg>
<status status="PASS" endtime="20200606 16:20:27.703" starttime="20200606 16:20:25.148"></status>
</kw>
<status status="PASS" endtime="20200606 16:20:27.704" starttime="20200606 16:20:25.147"></status>
</kw>
<kw name="Debug" library="DebugLibrary">
<doc>Open a interactive shell, run any RobotFramework keywords.</doc>
<kw name="Get List Repo From API" library="Keyword">
<kw name="Get List User Repo" library="API_Helper">
<assign>
<var>${user_repo}</var>
</assign>
<msg timestamp="20200606 16:28:04.133" level="INFO">${user_repo} = [u'test']</msg>
<status status="PASS" endtime="20200606 16:28:04.133" starttime="20200606 16:28:03.434"></status>
</kw>
<status status="PASS" endtime="20200606 16:28:04.134" starttime="20200606 16:28:03.434"></status>
</kw>
<kw name="Should Contain Any" library="BuiltIn">
<doc>Fails if ``container`` does not contain any of the ``*items``.</doc>
<arguments>
<arg>${view_more_list}</arg>
<arg>test</arg>
</arguments>
<status status="PASS" endtime="20200606 16:32:28.280" starttime="20200606 16:32:28.280"></status>
</kw>
<kw name="Should Contain Any" library="BuiltIn">
<doc>Fails if ``container`` does not contain any of the ``*items``.</doc>
<arguments>
<arg>${view_more_list}</arg>
<arg>tes</arg>
</arguments>
<msg timestamp="20200606 16:32:30.465" level="FAIL">'[u'test']' does not contain any of 'tes'</msg>
<status status="FAIL" endtime="20200606 16:32:30.466" starttime="20200606 16:32:30.464"></status>
</kw>
<status status="PASS" endtime="20200606 16:41:07.250" starttime="20200606 16:20:27.704"></status>
</kw>
<kw name="Get List Repo From API" library="Keyword">
<assign>
<var>${view_more_list}</var>
</assign>
<kw name="Get List User Repo" library="API_Helper">
<assign>
<var>${user_repo}</var>
</assign>
<msg timestamp="20200606 16:41:07.658" level="INFO">${user_repo} = [u'test']</msg>
<status status="PASS" endtime="20200606 16:41:07.658" starttime="20200606 16:41:07.256"></status>
</kw>
<msg timestamp="20200606 16:41:07.658" level="INFO">${view_more_list} = [u'test']</msg>
<status status="PASS" endtime="20200606 16:41:07.658" starttime="20200606 16:41:07.254"></status>
</kw>
<kw name="Close Browser" library="SeleniumLibrary">
<doc>Closes the current browser.</doc>
<status status="PASS" endtime="20200606 16:41:07.781" starttime="20200606 16:41:07.659"></status>
</kw>
<status status="PASS" endtime="20200606 16:41:07.782" critical="yes" starttime="20200606 16:20:19.029"></status>
</test>
<status status="PASS" endtime="20200606 16:41:07.784" starttime="20200606 16:20:17.999"></status>
</suite>
<statistics>
<total>
<stat fail="0" pass="1">Critical Tests</stat>
<stat fail="0" pass="1">All Tests</stat>
</total>
<tag>
</tag>
<suite>
<stat fail="0" id="s1" name="Test" pass="1">Test</stat>
</suite>
</statistics>
<errors>
<msg timestamp="20200606 16:20:18.738" level="ERROR">Error in file '/Users/satria/FinaceelTest/Assignment1/resource.robot': Importing test library 'RequestsLibrary' failed: ImportError: No module named RequestsLibrary
Traceback (most recent call last):
  None
PYTHONPATH:
  /Library/Frameworks/Python.framework/Versions/2.7/bin
  /Library/Frameworks/Python.framework/Versions/2.7/lib/python27.zip
  /Library/Frameworks/Python.framework/Versions/2.7/lib/python2.7
  /Library/Frameworks/Python.framework/Versions/2.7/lib/python2.7/plat-darwin
  /Library/Frameworks/Python.framework/Versions/2.7/lib/python2.7/plat-mac
  /Library/Frameworks/Python.framework/Versions/2.7/lib/python2.7/plat-mac/lib-scriptpackages
  /Library/Frameworks/Python.framework/Versions/2.7/lib/python2.7/lib-tk
  /Library/Frameworks/Python.framework/Versions/2.7/lib/python2.7/lib-old
  /Library/Frameworks/Python.framework/Versions/2.7/lib/python2.7/lib-dynload
  /Library/Frameworks/Python.framework/Versions/2.7/lib/python2.7/site-packages</msg>
</errors>
</robot>
